# dmidecode 3.1
Scanning /dev/mem for entry point.
SMBIOS 2.7 present.
9 structures occupying 557 bytes.
Table at 0x7FF45020.

Handle 0x0000, DMI type 0, 26 bytes
BIOS Information
	Vendor: coreboot
	Version: 4.9-1112-g1bd7df6829-dirty
	Release Date: 03/22/2019
	ROM Size: 10240 kB
	Characteristics:
		PCI is supported
		PC Card (PCMCIA) is supported
		BIOS is upgradeable
		Selectable boot is supported
		ACPI is supported
		Targeted content distribution is supported
	BIOS Revision: 4.9
	Firmware Revision: 0.0

Handle 0x0001, DMI type 1, 27 bytes
System Information
	Manufacturer: Dell Inc.
	Product Name: OptiPlex 990
	Version: 1.0
	Serial Number: 123456789
	UUID: Not Settable
	Wake-up Type: Reserved
	SKU Number: Not Specified
	Family: Not Specified

Handle 0x0002, DMI type 2, 14 bytes
Base Board Information
	Manufacturer: Dell Inc.
	Product Name: OptiPlex 990
	Version: 1.0
	Serial Number: 123456789
	Asset Tag: Not Specified
	Features: None
	Location In Chassis: Not Specified
	Chassis Handle: 0x0003
	Type: Unknown

Handle 0x0003, DMI type 3, 22 bytes
Chassis Information
	Manufacturer: Dell Inc.
	Type: Desktop
	Lock: Not Present
	Version: Not Specified
	Serial Number: Not Specified
	Asset Tag: Not Specified
	Boot-up State: Safe
	Power Supply State: Safe
	Thermal State: Safe
	Security Status: None
	OEM Information: 0x00000000
	Height: Unspecified
	Number Of Power Cords: Unspecified
	Contained Elements: 0
	SKU Number: Not Specified

Handle 0x0004, DMI type 4, 42 bytes
Processor Information
	Socket Designation: Not Specified
	Type: Central Processor
	Family: Pentium Pro
	Manufacturer: GenuineIntel
	ID: A7 06 02 00 FF FB EB BF
	Signature: Type 0, Family 6, Model 42, Stepping 7
	Flags:
		FPU (Floating-point unit on-chip)
		VME (Virtual mode extension)
		DE (Debugging extension)
		PSE (Page size extension)
		TSC (Time stamp counter)
		MSR (Model specific registers)
		PAE (Physical address extension)
		MCE (Machine check exception)
		CX8 (CMPXCHG8 instruction supported)
		APIC (On-chip APIC hardware supported)
		SEP (Fast system call)
		MTRR (Memory type range registers)
		PGE (Page global enable)
		MCA (Machine check architecture)
		CMOV (Conditional move instruction supported)
		PAT (Page attribute table)
		PSE-36 (36-bit page size extension)
		CLFSH (CLFLUSH instruction supported)
		DS (Debug store)
		ACPI (ACPI supported)
		MMX (MMX technology supported)
		FXSR (FXSAVE and FXSTOR instructions supported)
		SSE (Streaming SIMD extensions)
		SSE2 (Streaming SIMD extensions 2)
		SS (Self-snoop)
		HTT (Multi-threading)
		TM (Thermal monitor supported)
		PBE (Pending break enabled)
	Version:         Intel(R) Core(TM) i3-2120 CPU @ 3.30GHz
	Voltage: Unknown
	External Clock: Unknown
	Max Speed: Unknown
	Current Speed: Unknown
	Status: Unpopulated
	Upgrade: Other
	L1 Cache Handle: Not Provided
	L2 Cache Handle: Not Provided
	L3 Cache Handle: Not Provided
	Serial Number: Not Specified
	Asset Tag: Not Specified
	Part Number: Not Specified
	Core Count: 16
	Characteristics: None

Handle 0x0005, DMI type 17, 40 bytes
Memory Device
	Array Handle: 0x0000
	Error Information Handle: Not Provided
	Total Width: 64 bits
	Data Width: 64 bits
	Size: 2048 MB
	Form Factor: DIMM
	Set: None
	Locator: Channel-0-DIMM-0
	Bank Locator: BANK 0
	Type: DDR3
	Type Detail: Synchronous
	Speed: 666 MT/s
	Manufacturer: Hynix/Hyundai
	Serial Number: 1785b8e9
	Asset Tag: Not Specified
	Part Number: HMT325U6CFR8C-PB
	Rank: 1
	Configured Clock Speed: 666 MT/s
	Minimum Voltage: Unknown
	Maximum Voltage: Unknown
	Configured Voltage: Unknown

Handle 0x0006, DMI type 17, 40 bytes
Memory Device
	Array Handle: 0x0000
	Error Information Handle: Not Provided
	Total Width: 64 bits
	Data Width: 64 bits
	Size: 2048 MB
	Form Factor: DIMM
	Set: None
	Locator: Channel-1-DIMM-0
	Bank Locator: BANK 0
	Type: DDR3
	Type Detail: Synchronous
	Speed: 666 MT/s
	Manufacturer: Hynix/Hyundai
	Serial Number: 1e6cc27b
	Asset Tag: Not Specified
	Part Number: HMT325U6CFR8C-PB
	Rank: 1
	Configured Clock Speed: 666 MT/s
	Minimum Voltage: Unknown
	Maximum Voltage: Unknown
	Configured Voltage: Unknown

Handle 0x0007, DMI type 32, 11 bytes
System Boot Information
	Status: No errors detected

Handle 0x0008, DMI type 127, 4 bytes
End Of Table

