0000-0cf7 : PCI Bus 0000:00
  0000-001f : dma1
  0020-0021 : pic1
  0040-0043 : timer0
  0050-0053 : timer1
  0060-0060 : keyboard
  0064-0064 : keyboard
  0070-0077 : rtc0
  0080-008f : dma page reg
  00a0-00a1 : pic2
  00c0-00df : dma2
  00f0-00ff : PNP0C04:00
    00f0-00ff : fpu
  0290-029f : pnp 00:04
  02d0-02d7 : serial
  02d8-02df : serial
  02e8-02ef : serial
  02f8-02ff : serial
  03c0-03df : vga+
  03e8-03ef : serial
  03f8-03ff : serial
  0400-0453 : pnp 00:01
    0400-0403 : ACPI PM1a_EVT_BLK
    0404-0405 : ACPI PM1a_CNT_BLK
    0408-040b : ACPI PM_TMR
    0420-042f : ACPI GPE0_BLK
    0430-0433 : iTCO_wdt.1.auto
    0450-0450 : ACPI PM2_CNT_BLK
  0454-0457 : pnp 00:03
  0458-047f : pnp 00:01
    0460-047f : iTCO_wdt.1.auto
  04d0-04d1 : pnp 00:0d
  0500-057f : pnp 00:01
  0680-069f : pnp 00:01
  0a00-0a0f : pnp 00:04
  0a10-0a1f : pnp 00:04
0cf8-0cff : PCI conf1
0d00-ffff : PCI Bus 0000:00
  1000-100f : pnp 00:01
  164e-164f : pnp 00:01
  e000-efff : PCI Bus 0000:02
    e000-e0ff : 0000:02:00.0
  f000-f03f : 0000:00:02.0
  f040-f05f : 0000:00:1f.3
    f040-f05f : i801_smbus
  f060-f07f : 0000:00:1f.2
    f060-f07f : ahci
  f080-f083 : 0000:00:1f.2
    f080-f083 : ahci
  f090-f097 : 0000:00:1f.2
    f090-f097 : ahci
  f0a0-f0a3 : 0000:00:1f.2
    f0a0-f0a3 : ahci
  f0b0-f0b7 : 0000:00:1f.2
    f0b0-f0b7 : ahci
  ffff-ffff : pnp 00:01
    ffff-ffff : pnp 00:01
