superiotool r4.12-2519-g53c4db0555
Found Fintek F81866 (vid=0x3419, id=0x1010) at 0x2e
No dump available for this Super I/O
Hardware monitor (0x0290)
Found Infineon SLB9635TT12 (id=0x0b, rev=0x00) at 0x4e
Register dump:
idx   val    def
0x20: 0x0b   (0x0b)
0x21: 0x00   (0x00)
0x26: 0x4e   (NA)
0x27: 0x00   (NA)

LDN 0x00
idx   val    def
0x30: 0x00   (0x00)
0x38: 0x00   (0x00)
0x60: 0x00   (NA)
0x61: 0x00   (NA)
0x70: 0x00   (0x00)
0x71: 0x02   (0x02)
0xf1: 0xd1   (0xd1)
0xf2: 0x15   (0x15)
0xf3: 0x0b   (0x0b)
0xf4: 0x00   (0x00)
0xf5: 0x10   (NA)

